The system is: Darwin - 14.5.0 - x86_64
Compiling the C compiler identification source file "CMakeCCompilerId.c" succeeded.
Compiler: /usr/bin/cc 
Build flags: 
Id flags: 

The output was:
0


Compilation of the C compiler identification source "CMakeCCompilerId.c" produced "a.out"

The C compiler identification is AppleClang, found in "/Users/sahilshah/Desktop/cmu/courses/comp-photo/final-project/face-points/build/CMakeFiles/3.1.2/CompilerIdC/a.out"

Compiling the CXX compiler identification source file "CMakeCXXCompilerId.cpp" succeeded.
Compiler: /usr/bin/c++ 
Build flags: 
Id flags: 

The output was:
0


Compilation of the CXX compiler identification source "CMakeCXXCompilerId.cpp" produced "a.out"

The CXX compiler identification is AppleClang, found in "/Users/sahilshah/Desktop/cmu/courses/comp-photo/final-project/face-points/build/CMakeFiles/3.1.2/CompilerIdCXX/a.out"

Determining if the C compiler works passed with the following output:
Change Dir: /Users/sahilshah/Desktop/cmu/courses/comp-photo/final-project/face-points/build/CMakeFiles/CMakeTmp

Run Build Command:"/usr/bin/make" "cmTryCompileExec2346757958/fast"
/Applications/Xcode.app/Contents/Developer/usr/bin/make -f CMakeFiles/cmTryCompileExec2346757958.dir/build.make CMakeFiles/cmTryCompileExec2346757958.dir/build
/usr/local/Cellar/cmake/3.1.2/bin/cmake -E cmake_progress_report /Users/sahilshah/Desktop/cmu/courses/comp-photo/final-project/face-points/build/CMakeFiles/CMakeTmp/CMakeFiles 1
Building C object CMakeFiles/cmTryCompileExec2346757958.dir/testCCompiler.c.o
/usr/bin/cc    -o CMakeFiles/cmTryCompileExec2346757958.dir/testCCompiler.c.o   -c /Users/sahilshah/Desktop/cmu/courses/comp-photo/final-project/face-points/build/CMakeFiles/CMakeTmp/testCCompiler.c
Linking C executable cmTryCompileExec2346757958
/usr/local/Cellar/cmake/3.1.2/bin/cmake -E cmake_link_script CMakeFiles/cmTryCompileExec2346757958.dir/link.txt --verbose=1
/usr/bin/cc    -Wl,-search_paths_first -Wl,-headerpad_max_install_names  CMakeFiles/cmTryCompileExec2346757958.dir/testCCompiler.c.o  -o cmTryCompileExec2346757958  


Detecting C compiler ABI info compiled with the following output:
Change Dir: /Users/sahilshah/Desktop/cmu/courses/comp-photo/final-project/face-points/build/CMakeFiles/CMakeTmp

Run Build Command:"/usr/bin/make" "cmTryCompileExec2654765940/fast"
/Applications/Xcode.app/Contents/Developer/usr/bin/make -f CMakeFiles/cmTryCompileExec2654765940.dir/build.make CMakeFiles/cmTryCompileExec2654765940.dir/build
/usr/local/Cellar/cmake/3.1.2/bin/cmake -E cmake_progress_report /Users/sahilshah/Desktop/cmu/courses/comp-photo/final-project/face-points/build/CMakeFiles/CMakeTmp/CMakeFiles 1
Building C object CMakeFiles/cmTryCompileExec2654765940.dir/CMakeCCompilerABI.c.o
/usr/bin/cc    -o CMakeFiles/cmTryCompileExec2654765940.dir/CMakeCCompilerABI.c.o   -c /usr/local/Cellar/cmake/3.1.2/share/cmake/Modules/CMakeCCompilerABI.c
Linking C executable cmTryCompileExec2654765940
/usr/local/Cellar/cmake/3.1.2/bin/cmake -E cmake_link_script CMakeFiles/cmTryCompileExec2654765940.dir/link.txt --verbose=1
/usr/bin/cc    -Wl,-search_paths_first -Wl,-headerpad_max_install_names -v -Wl,-v CMakeFiles/cmTryCompileExec2654765940.dir/CMakeCCompilerABI.c.o  -o cmTryCompileExec2654765940   
Apple LLVM version 7.0.0 (clang-700.1.76)
Target: x86_64-apple-darwin14.5.0
Thread model: posix
 "/Applications/Xcode.app/Contents/Developer/Toolchains/XcodeDefault.xctoolchain/usr/bin/ld" -demangle -dynamic -arch x86_64 -macosx_version_min 10.10.0 -o cmTryCompileExec2654765940 -search_paths_first -headerpad_max_install_names -v CMakeFiles/cmTryCompileExec2654765940.dir/CMakeCCompilerABI.c.o -lSystem /Applications/Xcode.app/Contents/Developer/Toolchains/XcodeDefault.xctoolchain/usr/bin/../lib/clang/7.0.0/lib/darwin/libclang_rt.osx.a
@(#)PROGRAM:ld  PROJECT:ld64-253.6
configured to support archs: armv6 armv7 armv7s arm64 i386 x86_64 x86_64h armv6m armv7k armv7m armv7em (tvOS)
Library search paths:
	/usr/lib
	/usr/local/lib
Framework search paths:
	/Library/Frameworks/
	/System/Library/Frameworks/


Parsed C implicit link information from above output:
  link line regex: [^( *|.*[/\])(ld|([^/\]+-)?ld|collect2)[^/\]*( |$)]
  ignore line: [Change Dir: /Users/sahilshah/Desktop/cmu/courses/comp-photo/final-project/face-points/build/CMakeFiles/CMakeTmp]
  ignore line: []
  ignore line: [Run Build Command:"/usr/bin/make" "cmTryCompileExec2654765940/fast"]
  ignore line: [/Applications/Xcode.app/Contents/Developer/usr/bin/make -f CMakeFiles/cmTryCompileExec2654765940.dir/build.make CMakeFiles/cmTryCompileExec2654765940.dir/build]
  ignore line: [/usr/local/Cellar/cmake/3.1.2/bin/cmake -E cmake_progress_report /Users/sahilshah/Desktop/cmu/courses/comp-photo/final-project/face-points/build/CMakeFiles/CMakeTmp/CMakeFiles 1]
  ignore line: [Building C object CMakeFiles/cmTryCompileExec2654765940.dir/CMakeCCompilerABI.c.o]
  ignore line: [/usr/bin/cc    -o CMakeFiles/cmTryCompileExec2654765940.dir/CMakeCCompilerABI.c.o   -c /usr/local/Cellar/cmake/3.1.2/share/cmake/Modules/CMakeCCompilerABI.c]
  ignore line: [Linking C executable cmTryCompileExec2654765940]
  ignore line: [/usr/local/Cellar/cmake/3.1.2/bin/cmake -E cmake_link_script CMakeFiles/cmTryCompileExec2654765940.dir/link.txt --verbose=1]
  ignore line: [/usr/bin/cc    -Wl,-search_paths_first -Wl,-headerpad_max_install_names -v -Wl,-v CMakeFiles/cmTryCompileExec2654765940.dir/CMakeCCompilerABI.c.o  -o cmTryCompileExec2654765940   ]
  ignore line: [Apple LLVM version 7.0.0 (clang-700.1.76)]
  ignore line: [Target: x86_64-apple-darwin14.5.0]
  ignore line: [Thread model: posix]
  link line: [ "/Applications/Xcode.app/Contents/Developer/Toolchains/XcodeDefault.xctoolchain/usr/bin/ld" -demangle -dynamic -arch x86_64 -macosx_version_min 10.10.0 -o cmTryCompileExec2654765940 -search_paths_first -headerpad_max_install_names -v CMakeFiles/cmTryCompileExec2654765940.dir/CMakeCCompilerABI.c.o -lSystem /Applications/Xcode.app/Contents/Developer/Toolchains/XcodeDefault.xctoolchain/usr/bin/../lib/clang/7.0.0/lib/darwin/libclang_rt.osx.a]
    arg [/Applications/Xcode.app/Contents/Developer/Toolchains/XcodeDefault.xctoolchain/usr/bin/ld] ==> ignore
    arg [-demangle] ==> ignore
    arg [-dynamic] ==> ignore
    arg [-arch] ==> ignore
    arg [x86_64] ==> ignore
    arg [-macosx_version_min] ==> ignore
    arg [10.10.0] ==> ignore
    arg [-o] ==> ignore
    arg [cmTryCompileExec2654765940] ==> ignore
    arg [-search_paths_first] ==> ignore
    arg [-headerpad_max_install_names] ==> ignore
    arg [-v] ==> ignore
    arg [CMakeFiles/cmTryCompileExec2654765940.dir/CMakeCCompilerABI.c.o] ==> ignore
    arg [-lSystem] ==> lib [System]
    arg [/Applications/Xcode.app/Contents/Developer/Toolchains/XcodeDefault.xctoolchain/usr/bin/../lib/clang/7.0.0/lib/darwin/libclang_rt.osx.a] ==> lib [/Applications/Xcode.app/Contents/Developer/Toolchains/XcodeDefault.xctoolchain/usr/bin/../lib/clang/7.0.0/lib/darwin/libclang_rt.osx.a]
  Library search paths: [;/usr/lib;/usr/local/lib]
  Framework search paths: [;/Library/Frameworks/;/System/Library/Frameworks/]
  remove lib [System]
  collapse lib [/Applications/Xcode.app/Contents/Developer/Toolchains/XcodeDefault.xctoolchain/usr/bin/../lib/clang/7.0.0/lib/darwin/libclang_rt.osx.a] ==> [/Applications/Xcode.app/Contents/Developer/Toolchains/XcodeDefault.xctoolchain/usr/lib/clang/7.0.0/lib/darwin/libclang_rt.osx.a]
  collapse library dir [/usr/lib] ==> [/usr/lib]
  collapse library dir [/usr/local/lib] ==> [/usr/local/lib]
  collapse framework dir [/Library/Frameworks/] ==> [/Library/Frameworks]
  collapse framework dir [/System/Library/Frameworks/] ==> [/System/Library/Frameworks]
  implicit libs: [/Applications/Xcode.app/Contents/Developer/Toolchains/XcodeDefault.xctoolchain/usr/lib/clang/7.0.0/lib/darwin/libclang_rt.osx.a]
  implicit dirs: [/usr/lib;/usr/local/lib]
  implicit fwks: [/Library/Frameworks;/System/Library/Frameworks]


Determining if the CXX compiler works passed with the following output:
Change Dir: /Users/sahilshah/Desktop/cmu/courses/comp-photo/final-project/face-points/build/CMakeFiles/CMakeTmp

Run Build Command:"/usr/bin/make" "cmTryCompileExec890499368/fast"
/Applications/Xcode.app/Contents/Developer/usr/bin/make -f CMakeFiles/cmTryCompileExec890499368.dir/build.make CMakeFiles/cmTryCompileExec890499368.dir/build
/usr/local/Cellar/cmake/3.1.2/bin/cmake -E cmake_progress_report /Users/sahilshah/Desktop/cmu/courses/comp-photo/final-project/face-points/build/CMakeFiles/CMakeTmp/CMakeFiles 1
Building CXX object CMakeFiles/cmTryCompileExec890499368.dir/testCXXCompiler.cxx.o
/usr/bin/c++     -o CMakeFiles/cmTryCompileExec890499368.dir/testCXXCompiler.cxx.o -c /Users/sahilshah/Desktop/cmu/courses/comp-photo/final-project/face-points/build/CMakeFiles/CMakeTmp/testCXXCompiler.cxx
Linking CXX executable cmTryCompileExec890499368
/usr/local/Cellar/cmake/3.1.2/bin/cmake -E cmake_link_script CMakeFiles/cmTryCompileExec890499368.dir/link.txt --verbose=1
/usr/bin/c++     -Wl,-search_paths_first -Wl,-headerpad_max_install_names  CMakeFiles/cmTryCompileExec890499368.dir/testCXXCompiler.cxx.o  -o cmTryCompileExec890499368  


Detecting CXX compiler ABI info compiled with the following output:
Change Dir: /Users/sahilshah/Desktop/cmu/courses/comp-photo/final-project/face-points/build/CMakeFiles/CMakeTmp

Run Build Command:"/usr/bin/make" "cmTryCompileExec1772881623/fast"
/Applications/Xcode.app/Contents/Developer/usr/bin/make -f CMakeFiles/cmTryCompileExec1772881623.dir/build.make CMakeFiles/cmTryCompileExec1772881623.dir/build
/usr/local/Cellar/cmake/3.1.2/bin/cmake -E cmake_progress_report /Users/sahilshah/Desktop/cmu/courses/comp-photo/final-project/face-points/build/CMakeFiles/CMakeTmp/CMakeFiles 1
Building CXX object CMakeFiles/cmTryCompileExec1772881623.dir/CMakeCXXCompilerABI.cpp.o
/usr/bin/c++     -o CMakeFiles/cmTryCompileExec1772881623.dir/CMakeCXXCompilerABI.cpp.o -c /usr/local/Cellar/cmake/3.1.2/share/cmake/Modules/CMakeCXXCompilerABI.cpp
Linking CXX executable cmTryCompileExec1772881623
/usr/local/Cellar/cmake/3.1.2/bin/cmake -E cmake_link_script CMakeFiles/cmTryCompileExec1772881623.dir/link.txt --verbose=1
/usr/bin/c++     -Wl,-search_paths_first -Wl,-headerpad_max_install_names -v -Wl,-v CMakeFiles/cmTryCompileExec1772881623.dir/CMakeCXXCompilerABI.cpp.o  -o cmTryCompileExec1772881623   
Apple LLVM version 7.0.0 (clang-700.1.76)
Target: x86_64-apple-darwin14.5.0
Thread model: posix
 "/Applications/Xcode.app/Contents/Developer/Toolchains/XcodeDefault.xctoolchain/usr/bin/ld" -demangle -dynamic -arch x86_64 -macosx_version_min 10.10.0 -o cmTryCompileExec1772881623 -search_paths_first -headerpad_max_install_names -v CMakeFiles/cmTryCompileExec1772881623.dir/CMakeCXXCompilerABI.cpp.o -lc++ -lSystem /Applications/Xcode.app/Contents/Developer/Toolchains/XcodeDefault.xctoolchain/usr/bin/../lib/clang/7.0.0/lib/darwin/libclang_rt.osx.a
@(#)PROGRAM:ld  PROJECT:ld64-253.6
configured to support archs: armv6 armv7 armv7s arm64 i386 x86_64 x86_64h armv6m armv7k armv7m armv7em (tvOS)
Library search paths:
	/usr/lib
	/usr/local/lib
Framework search paths:
	/Library/Frameworks/
	/System/Library/Frameworks/


Parsed CXX implicit link information from above output:
  link line regex: [^( *|.*[/\])(ld|([^/\]+-)?ld|collect2)[^/\]*( |$)]
  ignore line: [Change Dir: /Users/sahilshah/Desktop/cmu/courses/comp-photo/final-project/face-points/build/CMakeFiles/CMakeTmp]
  ignore line: []
  ignore line: [Run Build Command:"/usr/bin/make" "cmTryCompileExec1772881623/fast"]
  ignore line: [/Applications/Xcode.app/Contents/Developer/usr/bin/make -f CMakeFiles/cmTryCompileExec1772881623.dir/build.make CMakeFiles/cmTryCompileExec1772881623.dir/build]
  ignore line: [/usr/local/Cellar/cmake/3.1.2/bin/cmake -E cmake_progress_report /Users/sahilshah/Desktop/cmu/courses/comp-photo/final-project/face-points/build/CMakeFiles/CMakeTmp/CMakeFiles 1]
  ignore line: [Building CXX object CMakeFiles/cmTryCompileExec1772881623.dir/CMakeCXXCompilerABI.cpp.o]
  ignore line: [/usr/bin/c++     -o CMakeFiles/cmTryCompileExec1772881623.dir/CMakeCXXCompilerABI.cpp.o -c /usr/local/Cellar/cmake/3.1.2/share/cmake/Modules/CMakeCXXCompilerABI.cpp]
  ignore line: [Linking CXX executable cmTryCompileExec1772881623]
  ignore line: [/usr/local/Cellar/cmake/3.1.2/bin/cmake -E cmake_link_script CMakeFiles/cmTryCompileExec1772881623.dir/link.txt --verbose=1]
  ignore line: [/usr/bin/c++     -Wl,-search_paths_first -Wl,-headerpad_max_install_names -v -Wl,-v CMakeFiles/cmTryCompileExec1772881623.dir/CMakeCXXCompilerABI.cpp.o  -o cmTryCompileExec1772881623   ]
  ignore line: [Apple LLVM version 7.0.0 (clang-700.1.76)]
  ignore line: [Target: x86_64-apple-darwin14.5.0]
  ignore line: [Thread model: posix]
  link line: [ "/Applications/Xcode.app/Contents/Developer/Toolchains/XcodeDefault.xctoolchain/usr/bin/ld" -demangle -dynamic -arch x86_64 -macosx_version_min 10.10.0 -o cmTryCompileExec1772881623 -search_paths_first -headerpad_max_install_names -v CMakeFiles/cmTryCompileExec1772881623.dir/CMakeCXXCompilerABI.cpp.o -lc++ -lSystem /Applications/Xcode.app/Contents/Developer/Toolchains/XcodeDefault.xctoolchain/usr/bin/../lib/clang/7.0.0/lib/darwin/libclang_rt.osx.a]
    arg [/Applications/Xcode.app/Contents/Developer/Toolchains/XcodeDefault.xctoolchain/usr/bin/ld] ==> ignore
    arg [-demangle] ==> ignore
    arg [-dynamic] ==> ignore
    arg [-arch] ==> ignore
    arg [x86_64] ==> ignore
    arg [-macosx_version_min] ==> ignore
    arg [10.10.0] ==> ignore
    arg [-o] ==> ignore
    arg [cmTryCompileExec1772881623] ==> ignore
    arg [-search_paths_first] ==> ignore
    arg [-headerpad_max_install_names] ==> ignore
    arg [-v] ==> ignore
    arg [CMakeFiles/cmTryCompileExec1772881623.dir/CMakeCXXCompilerABI.cpp.o] ==> ignore
    arg [-lc++] ==> lib [c++]
    arg [-lSystem] ==> lib [System]
    arg [/Applications/Xcode.app/Contents/Developer/Toolchains/XcodeDefault.xctoolchain/usr/bin/../lib/clang/7.0.0/lib/darwin/libclang_rt.osx.a] ==> lib [/Applications/Xcode.app/Contents/Developer/Toolchains/XcodeDefault.xctoolchain/usr/bin/../lib/clang/7.0.0/lib/darwin/libclang_rt.osx.a]
  Library search paths: [;/usr/lib;/usr/local/lib]
  Framework search paths: [;/Library/Frameworks/;/System/Library/Frameworks/]
  remove lib [System]
  collapse lib [/Applications/Xcode.app/Contents/Developer/Toolchains/XcodeDefault.xctoolchain/usr/bin/../lib/clang/7.0.0/lib/darwin/libclang_rt.osx.a] ==> [/Applications/Xcode.app/Contents/Developer/Toolchains/XcodeDefault.xctoolchain/usr/lib/clang/7.0.0/lib/darwin/libclang_rt.osx.a]
  collapse library dir [/usr/lib] ==> [/usr/lib]
  collapse library dir [/usr/local/lib] ==> [/usr/local/lib]
  collapse framework dir [/Library/Frameworks/] ==> [/Library/Frameworks]
  collapse framework dir [/System/Library/Frameworks/] ==> [/System/Library/Frameworks]
  implicit libs: [c++;/Applications/Xcode.app/Contents/Developer/Toolchains/XcodeDefault.xctoolchain/usr/lib/clang/7.0.0/lib/darwin/libclang_rt.osx.a]
  implicit dirs: [/usr/lib;/usr/local/lib]
  implicit fwks: [/Library/Frameworks;/System/Library/Frameworks]


Determining if the function png_create_read_struct exists passed with the following output:
Change Dir: /Users/sahilshah/Desktop/cmu/courses/comp-photo/final-project/face-points/build/CMakeFiles/CMakeTmp

Run Build Command:"/usr/bin/make" "cmTryCompileExec85020118/fast"
/Applications/Xcode.app/Contents/Developer/usr/bin/make -f CMakeFiles/cmTryCompileExec85020118.dir/build.make CMakeFiles/cmTryCompileExec85020118.dir/build
/usr/local/Cellar/cmake/3.1.2/bin/cmake -E cmake_progress_report /Users/sahilshah/Desktop/cmu/courses/comp-photo/final-project/face-points/build/CMakeFiles/CMakeTmp/CMakeFiles 1
Building C object CMakeFiles/cmTryCompileExec85020118.dir/CheckFunctionExists.c.o
/usr/bin/cc   -DCHECK_FUNCTION_EXISTS=png_create_read_struct   -o CMakeFiles/cmTryCompileExec85020118.dir/CheckFunctionExists.c.o   -c /usr/local/Cellar/cmake/3.1.2/share/cmake/Modules/CheckFunctionExists.c
Linking C executable cmTryCompileExec85020118
/usr/local/Cellar/cmake/3.1.2/bin/cmake -E cmake_link_script CMakeFiles/cmTryCompileExec85020118.dir/link.txt --verbose=1
/usr/bin/cc   -DCHECK_FUNCTION_EXISTS=png_create_read_struct -Wl,-search_paths_first -Wl,-headerpad_max_install_names  CMakeFiles/cmTryCompileExec85020118.dir/CheckFunctionExists.c.o  -o cmTryCompileExec85020118  /usr/local/lib/libpng.dylib 


Determining if the function jpeg_read_header exists passed with the following output:
Change Dir: /Users/sahilshah/Desktop/cmu/courses/comp-photo/final-project/face-points/build/CMakeFiles/CMakeTmp

Run Build Command:"/usr/bin/make" "cmTryCompileExec3237003767/fast"
/Applications/Xcode.app/Contents/Developer/usr/bin/make -f CMakeFiles/cmTryCompileExec3237003767.dir/build.make CMakeFiles/cmTryCompileExec3237003767.dir/build
/usr/local/Cellar/cmake/3.1.2/bin/cmake -E cmake_progress_report /Users/sahilshah/Desktop/cmu/courses/comp-photo/final-project/face-points/build/CMakeFiles/CMakeTmp/CMakeFiles 1
Building C object CMakeFiles/cmTryCompileExec3237003767.dir/CheckFunctionExists.c.o
/usr/bin/cc   -DCHECK_FUNCTION_EXISTS=jpeg_read_header   -o CMakeFiles/cmTryCompileExec3237003767.dir/CheckFunctionExists.c.o   -c /usr/local/Cellar/cmake/3.1.2/share/cmake/Modules/CheckFunctionExists.c
Linking C executable cmTryCompileExec3237003767
/usr/local/Cellar/cmake/3.1.2/bin/cmake -E cmake_link_script CMakeFiles/cmTryCompileExec3237003767.dir/link.txt --verbose=1
/usr/bin/cc   -DCHECK_FUNCTION_EXISTS=jpeg_read_header -Wl,-search_paths_first -Wl,-headerpad_max_install_names  CMakeFiles/cmTryCompileExec3237003767.dir/CheckFunctionExists.c.o  -o cmTryCompileExec3237003767  /usr/local/lib/libjpeg.dylib 


Determining if the include file sys/types.h exists passed with the following output:
Change Dir: /Users/sahilshah/Desktop/cmu/courses/comp-photo/final-project/face-points/build/CMakeFiles/CMakeTmp

Run Build Command:"/usr/bin/make" "cmTryCompileExec441257249/fast"
/Applications/Xcode.app/Contents/Developer/usr/bin/make -f CMakeFiles/cmTryCompileExec441257249.dir/build.make CMakeFiles/cmTryCompileExec441257249.dir/build
/usr/local/Cellar/cmake/3.1.2/bin/cmake -E cmake_progress_report /Users/sahilshah/Desktop/cmu/courses/comp-photo/final-project/face-points/build/CMakeFiles/CMakeTmp/CMakeFiles 1
Building C object CMakeFiles/cmTryCompileExec441257249.dir/CheckIncludeFile.c.o
/usr/bin/cc    -o CMakeFiles/cmTryCompileExec441257249.dir/CheckIncludeFile.c.o   -c /Users/sahilshah/Desktop/cmu/courses/comp-photo/final-project/face-points/build/CMakeFiles/CMakeTmp/CheckIncludeFile.c
Linking C executable cmTryCompileExec441257249
/usr/local/Cellar/cmake/3.1.2/bin/cmake -E cmake_link_script CMakeFiles/cmTryCompileExec441257249.dir/link.txt --verbose=1
/usr/bin/cc    -Wl,-search_paths_first -Wl,-headerpad_max_install_names  CMakeFiles/cmTryCompileExec441257249.dir/CheckIncludeFile.c.o  -o cmTryCompileExec441257249  


Determining if the include file stdint.h exists passed with the following output:
Change Dir: /Users/sahilshah/Desktop/cmu/courses/comp-photo/final-project/face-points/build/CMakeFiles/CMakeTmp

Run Build Command:"/usr/bin/make" "cmTryCompileExec161898838/fast"
/Applications/Xcode.app/Contents/Developer/usr/bin/make -f CMakeFiles/cmTryCompileExec161898838.dir/build.make CMakeFiles/cmTryCompileExec161898838.dir/build
/usr/local/Cellar/cmake/3.1.2/bin/cmake -E cmake_progress_report /Users/sahilshah/Desktop/cmu/courses/comp-photo/final-project/face-points/build/CMakeFiles/CMakeTmp/CMakeFiles 1
Building C object CMakeFiles/cmTryCompileExec161898838.dir/CheckIncludeFile.c.o
/usr/bin/cc    -o CMakeFiles/cmTryCompileExec161898838.dir/CheckIncludeFile.c.o   -c /Users/sahilshah/Desktop/cmu/courses/comp-photo/final-project/face-points/build/CMakeFiles/CMakeTmp/CheckIncludeFile.c
Linking C executable cmTryCompileExec161898838
/usr/local/Cellar/cmake/3.1.2/bin/cmake -E cmake_link_script CMakeFiles/cmTryCompileExec161898838.dir/link.txt --verbose=1
/usr/bin/cc    -Wl,-search_paths_first -Wl,-headerpad_max_install_names  CMakeFiles/cmTryCompileExec161898838.dir/CheckIncludeFile.c.o  -o cmTryCompileExec161898838  


Determining if the include file stddef.h exists passed with the following output:
Change Dir: /Users/sahilshah/Desktop/cmu/courses/comp-photo/final-project/face-points/build/CMakeFiles/CMakeTmp

Run Build Command:"/usr/bin/make" "cmTryCompileExec3015437885/fast"
/Applications/Xcode.app/Contents/Developer/usr/bin/make -f CMakeFiles/cmTryCompileExec3015437885.dir/build.make CMakeFiles/cmTryCompileExec3015437885.dir/build
/usr/local/Cellar/cmake/3.1.2/bin/cmake -E cmake_progress_report /Users/sahilshah/Desktop/cmu/courses/comp-photo/final-project/face-points/build/CMakeFiles/CMakeTmp/CMakeFiles 1
Building C object CMakeFiles/cmTryCompileExec3015437885.dir/CheckIncludeFile.c.o
/usr/bin/cc    -o CMakeFiles/cmTryCompileExec3015437885.dir/CheckIncludeFile.c.o   -c /Users/sahilshah/Desktop/cmu/courses/comp-photo/final-project/face-points/build/CMakeFiles/CMakeTmp/CheckIncludeFile.c
Linking C executable cmTryCompileExec3015437885
/usr/local/Cellar/cmake/3.1.2/bin/cmake -E cmake_link_script CMakeFiles/cmTryCompileExec3015437885.dir/link.txt --verbose=1
/usr/bin/cc    -Wl,-search_paths_first -Wl,-headerpad_max_install_names  CMakeFiles/cmTryCompileExec3015437885.dir/CheckIncludeFile.c.o  -o cmTryCompileExec3015437885  


Determining size of void* passed with the following output:
Change Dir: /Users/sahilshah/Desktop/cmu/courses/comp-photo/final-project/face-points/build/CMakeFiles/CMakeTmp

Run Build Command:"/usr/bin/make" "cmTryCompileExec938079559/fast"
/Applications/Xcode.app/Contents/Developer/usr/bin/make -f CMakeFiles/cmTryCompileExec938079559.dir/build.make CMakeFiles/cmTryCompileExec938079559.dir/build
/usr/local/Cellar/cmake/3.1.2/bin/cmake -E cmake_progress_report /Users/sahilshah/Desktop/cmu/courses/comp-photo/final-project/face-points/build/CMakeFiles/CMakeTmp/CMakeFiles 1
Building C object CMakeFiles/cmTryCompileExec938079559.dir/SIZE_OF_VOID_PTR.c.o
/usr/bin/cc    -o CMakeFiles/cmTryCompileExec938079559.dir/SIZE_OF_VOID_PTR.c.o   -c /Users/sahilshah/Desktop/cmu/courses/comp-photo/final-project/face-points/build/CMakeFiles/CheckTypeSize/SIZE_OF_VOID_PTR.c
Linking C executable cmTryCompileExec938079559
/usr/local/Cellar/cmake/3.1.2/bin/cmake -E cmake_link_script CMakeFiles/cmTryCompileExec938079559.dir/link.txt --verbose=1
/usr/bin/cc    -Wl,-search_paths_first -Wl,-headerpad_max_install_names  CMakeFiles/cmTryCompileExec938079559.dir/SIZE_OF_VOID_PTR.c.o  -o cmTryCompileExec938079559  /usr/local/lib/libjpeg.dylib 


Determining if the function cblas_ddot exists passed with the following output:
Change Dir: /Users/sahilshah/Desktop/cmu/courses/comp-photo/final-project/face-points/build/CMakeFiles/CMakeTmp

Run Build Command:"/usr/bin/make" "cmTryCompileExec494311731/fast"
/Applications/Xcode.app/Contents/Developer/usr/bin/make -f CMakeFiles/cmTryCompileExec494311731.dir/build.make CMakeFiles/cmTryCompileExec494311731.dir/build
/usr/local/Cellar/cmake/3.1.2/bin/cmake -E cmake_progress_report /Users/sahilshah/Desktop/cmu/courses/comp-photo/final-project/face-points/build/CMakeFiles/CMakeTmp/CMakeFiles 1
Building C object CMakeFiles/cmTryCompileExec494311731.dir/CheckFunctionExists.c.o
/usr/bin/cc   -DCHECK_FUNCTION_EXISTS=cblas_ddot   -o CMakeFiles/cmTryCompileExec494311731.dir/CheckFunctionExists.c.o   -c /usr/local/Cellar/cmake/3.1.2/share/cmake/Modules/CheckFunctionExists.c
Linking C executable cmTryCompileExec494311731
/usr/local/Cellar/cmake/3.1.2/bin/cmake -E cmake_link_script CMakeFiles/cmTryCompileExec494311731.dir/link.txt --verbose=1
/usr/bin/cc   -DCHECK_FUNCTION_EXISTS=cblas_ddot -Wl,-search_paths_first -Wl,-headerpad_max_install_names  CMakeFiles/cmTryCompileExec494311731.dir/CheckFunctionExists.c.o  -o cmTryCompileExec494311731  /usr/lib/libcblas.dylib 


Determining if the CXX compiler has std namespace passed with the following output:
Change Dir: /Users/sahilshah/Desktop/cmu/courses/comp-photo/final-project/face-points/build/CMakeFiles/CMakeTmp

Run Build Command:"/usr/bin/make" "cmTryCompileExec1932927480/fast"
/Applications/Xcode.app/Contents/Developer/usr/bin/make -f CMakeFiles/cmTryCompileExec1932927480.dir/build.make CMakeFiles/cmTryCompileExec1932927480.dir/build
/usr/local/Cellar/cmake/3.1.2/bin/cmake -E cmake_progress_report /Users/sahilshah/Desktop/cmu/courses/comp-photo/final-project/face-points/build/CMakeFiles/CMakeTmp/CMakeFiles 1
Building CXX object CMakeFiles/cmTryCompileExec1932927480.dir/TestForSTDNamespace.cxx.o
/usr/bin/c++     -o CMakeFiles/cmTryCompileExec1932927480.dir/TestForSTDNamespace.cxx.o -c /usr/local/Cellar/cmake/3.1.2/share/cmake/Modules/TestForSTDNamespace.cxx
Linking CXX executable cmTryCompileExec1932927480
/usr/local/Cellar/cmake/3.1.2/bin/cmake -E cmake_link_script CMakeFiles/cmTryCompileExec1932927480.dir/link.txt --verbose=1
/usr/bin/c++     -Wl,-search_paths_first -Wl,-headerpad_max_install_names  CMakeFiles/cmTryCompileExec1932927480.dir/TestForSTDNamespace.cxx.o  -o cmTryCompileExec1932927480  


Determining if the include file iostream exists passed with the following output:
Change Dir: /Users/sahilshah/Desktop/cmu/courses/comp-photo/final-project/face-points/build/CMakeFiles/CMakeTmp

Run Build Command:"/usr/bin/make" "cmTryCompileExec10426915/fast"
/Applications/Xcode.app/Contents/Developer/usr/bin/make -f CMakeFiles/cmTryCompileExec10426915.dir/build.make CMakeFiles/cmTryCompileExec10426915.dir/build
/usr/local/Cellar/cmake/3.1.2/bin/cmake -E cmake_progress_report /Users/sahilshah/Desktop/cmu/courses/comp-photo/final-project/face-points/build/CMakeFiles/CMakeTmp/CMakeFiles 1
Building CXX object CMakeFiles/cmTryCompileExec10426915.dir/CheckIncludeFile.cxx.o
/usr/bin/c++     -o CMakeFiles/cmTryCompileExec10426915.dir/CheckIncludeFile.cxx.o -c /Users/sahilshah/Desktop/cmu/courses/comp-photo/final-project/face-points/build/CMakeFiles/CMakeTmp/CheckIncludeFile.cxx
Linking CXX executable cmTryCompileExec10426915
/usr/local/Cellar/cmake/3.1.2/bin/cmake -E cmake_link_script CMakeFiles/cmTryCompileExec10426915.dir/link.txt --verbose=1
/usr/bin/c++     -Wl,-search_paths_first -Wl,-headerpad_max_install_names  CMakeFiles/cmTryCompileExec10426915.dir/CheckIncludeFile.cxx.o  -o cmTryCompileExec10426915  


